#
# There is insufficient memory for the Java Runtime Environment to continue.
# Native memory allocation (mmap) failed to map 310902784 bytes for committing reserved memory.
# Possible reasons:
#   The system is out of physical RAM or swap space
#   In 32 bit mode, the process size limit was hit
# Possible solutions:
#   Reduce memory load on the system
#   Increase physical memory or swap space
#   Check if swap backing store is full
#   Use 64 bit Java on a 64 bit OS
#   Decrease Java heap size (-Xmx/-Xms)
#   Decrease number of Java threads
#   Decrease Java thread stack sizes (-Xss)
#   Set larger code cache with -XX:ReservedCodeCacheSize=
# This output file may be truncated or incomplete.
#
#  Out of Memory Error (os_linux.cpp:2640), pid=22356, tid=0x00007f8efb5f5700
#
# JRE version: Java(TM) SE Runtime Environment (8.0_161-b12) (build 1.8.0_161-b12)
# Java VM: Java HotSpot(TM) 64-Bit Server VM (25.161-b12 mixed mode linux-amd64 compressed oops)
# Failed to write core dump. Core dumps have been disabled. To enable core dumping, try "ulimit -c unlimited" before starting Java again
#

---------------  T H R E A D  ---------------

Current thread (0x00007f8f10141000):  VMThread [stack: 0x00007f8efb4f5000,0x00007f8efb5f6000] [id=22370]

Stack: [0x00007f8efb4f5000,0x00007f8efb5f6000],  sp=0x00007f8efb5f46d0,  free space=1021k
Native frames: (J=compiled Java code, j=interpreted, Vv=VM code, C=native code)
V  [libjvm.so+0xacf94a]  VMError::report_and_die()+0x2ba
V  [libjvm.so+0x50050b]  report_vm_out_of_memory(char const*, int, unsigned long, VMErrorType, char const*)+0x8b
V  [libjvm.so+0x92b133]  os::Linux::commit_memory_impl(char*, unsigned long, bool)+0x103
V  [libjvm.so+0x92b5c9]  os::pd_commit_memory(char*, unsigned long, unsigned long, bool)+0x29
V  [libjvm.so+0x924c0a]  os::commit_memory(char*, unsigned long, unsigned long, bool)+0x2a
V  [libjvm.so+0x99ab53]  PSVirtualSpace::expand_by(unsigned long)+0x53
V  [libjvm.so+0x98b1d9]  PSOldGen::expand_by(unsigned long)+0x49
V  [libjvm.so+0x98b445]  PSOldGen::expand(unsigned long)+0x1a5
V  [libjvm.so+0x98b6ca]  PSOldGen::expand_and_allocate(unsigned long)+0x1a
V  [libjvm.so+0x98b7eb]  PSOldGen::allocate(unsigned long)+0xcb
V  [libjvm.so+0x94f676]  ParallelScavengeHeap::failed_mem_allocate(unsigned long)+0x146
V  [libjvm.so+0xad13c7]  VM_ParallelGCFailedAllocation::doit()+0x97
V  [libjvm.so+0xad8ed5]  VM_Operation::evaluate()+0x55
V  [libjvm.so+0xad729a]  VMThread::evaluate_operation(VM_Operation*)+0xba
V  [libjvm.so+0xad761e]  VMThread::loop()+0x1ce
V  [libjvm.so+0xad7a90]  VMThread::run()+0x70
V  [libjvm.so+0x92da28]  java_start(Thread*)+0x108

VM_Operation (0x00007f8f19cb45b0): ParallelGCFailedAllocation, mode: safepoint, requested by thread 0x00007f8f1000c000


---------------  P R O C E S S  ---------------

Java Threads: ( => current thread )
  0x00007f8f1021b000 JavaThread "Service Thread" daemon [_thread_blocked, id=22386, stack(0x00007f8efa7fe000,0x00007f8efa8ff000)]
  0x00007f8f10218000 JavaThread "C1 CompilerThread2" daemon [_thread_blocked, id=22385, stack(0x00007f8efa8ff000,0x00007f8efaa00000)]
  0x00007f8f10215800 JavaThread "C2 CompilerThread1" daemon [_thread_blocked, id=22384, stack(0x00007f8efaa00000,0x00007f8efab01000)]
  0x00007f8f10213800 JavaThread "C2 CompilerThread0" daemon [_thread_blocked, id=22383, stack(0x00007f8efad18000,0x00007f8efae19000)]
  0x00007f8f10212000 JavaThread "Monitor Ctrl-Break" daemon [_thread_in_native, id=22382, stack(0x00007f8efae19000,0x00007f8efaf1a000)]
  0x00007f8f10180800 JavaThread "Signal Dispatcher" daemon [_thread_blocked, id=22375, stack(0x00007f8efaf1a000,0x00007f8efb01b000)]
  0x00007f8f1014d000 JavaThread "Finalizer" daemon [_thread_blocked, id=22374, stack(0x00007f8efb2f3000,0x00007f8efb3f4000)]
  0x00007f8f10148800 JavaThread "Reference Handler" daemon [_thread_blocked, id=22373, stack(0x00007f8efb3f4000,0x00007f8efb4f5000)]
  0x00007f8f1000c000 JavaThread "main" [_thread_blocked, id=22358, stack(0x00007f8f19bb5000,0x00007f8f19cb6000)]

Other Threads:
=>0x00007f8f10141000 VMThread [stack: 0x00007f8efb4f5000,0x00007f8efb5f6000] [id=22370]
  0x00007f8f1021e800 WatcherThread [stack: 0x00007f8efa6fd000,0x00007f8efa7fe000] [id=22387]

VM state:at safepoint (normal execution)

VM Mutex/Monitor currently owned by a thread:  ([mutex/lock_event])
[0x00007f8f10007d20] ExpandHeap_lock - owner thread: 0x00007f8f10141000
[0x00007f8f100083a0] Threads_lock - owner thread: 0x00007f8f10141000
[0x00007f8f100088a0] Heap_lock - owner thread: 0x00007f8f1000c000

Heap:
 PSYoungGen      total 64000K, used 0K [0x00000000ebe00000, 0x00000000f0700000, 0x0000000100000000)
  eden space 61440K, 0% used [0x00000000ebe00000,0x00000000ebe00000,0x00000000efa00000)
  from space 2560K, 0% used [0x00000000efa00000,0x00000000efa00000,0x00000000efc80000)
  to   space 1024K, 0% used [0x00000000f0600000,0x00000000f0600000,0x00000000f0700000)
 ParOldGen       total 355840K, used 274252K [0x00000000c3a00000, 0x00000000d9580000, 0x00000000ebe00000)
  object space 355840K, 77% used [0x00000000c3a00000,0x00000000d45d31c0,0x00000000d9580000)
 Metaspace       used 3282K, capacity 4564K, committed 4864K, reserved 1056768K
  class space    used 360K, capacity 388K, committed 512K, reserved 1048576K

Card table byte_map: [0x00007f8f16580000,0x00007f8f16764000] byte_map_base: 0x00007f8f15f63000

Marking Bits: (ParMarkBitMap*) 0x00007f8f190a5920
 Begin Bits: [0x00007f8f1420a000, 0x00007f8f15122000)
 End Bits:   [0x00007f8f15122000, 0x00007f8f1603a000)

Polling page: 0x00007f8f19cf8000

CodeCache: size=245760Kb used=1141Kb max_used=1153Kb free=244618Kb
 bounds [0x00007f8f01000000, 0x00007f8f01270000, 0x00007f8f10000000]
 total_blobs=286 nmethods=39 adapters=162
 compilation: enabled

Compilation events (10 events):
Event: 0.231 Thread 0x00007f8f10218000 nmethod 34 0x00007f8f0111b710 code [0x00007f8f0111b860, 0x00007f8f0111b970]
Event: 0.232 Thread 0x00007f8f10213800 nmethod 35 0x00007f8f01119b10 code [0x00007f8f01119c80, 0x00007f8f01119f48]
Event: 0.251 Thread 0x00007f8f10218000   36 %     3       Population::sortArray @ 2 (68 bytes)
Event: 0.252 Thread 0x00007f8f10218000 nmethod 36% 0x00007f8f0111d390 code [0x00007f8f0111d620, 0x00007f8f0111e408]
Event: 0.253 Thread 0x00007f8f10218000   37       3       Population::sortArray (68 bytes)
Event: 0.254 Thread 0x00007f8f10218000 nmethod 37 0x00007f8f0111b9d0 code [0x00007f8f0111bc40, 0x00007f8f0111c948]
Event: 0.258 Thread 0x00007f8f10215800   38 %     4       Population::sortArray @ 2 (68 bytes)
Event: 0.268 Thread 0x00007f8f10215800 nmethod 38% 0x00007f8f01118ed0 code [0x00007f8f01119080, 0x00007f8f01119548]
Event: 0.300 Thread 0x00007f8f10218000   39       1       java.lang.ref.Reference::get (5 bytes)
Event: 0.300 Thread 0x00007f8f10218000 nmethod 39 0x00007f8f0111b450 code [0x00007f8f0111b5a0, 0x00007f8f0111b6b0]

GC Heap History (10 events):
Event: 2.365 GC heap before
{Heap before GC invocations=3 (full 0):
 PSYoungGen      total 34304K, used 512K [0x00000000ebe00000, 0x00000000ee200000, 0x0000000100000000)
  eden space 31744K, 0% used [0x00000000ebe00000,0x00000000ebe00000,0x00000000edd00000)
  from space 2560K, 20% used [0x00000000edf80000,0x00000000ee000020,0x00000000ee200000)
  to   space 2560K, 0% used [0x00000000edd00000,0x00000000edd00000,0x00000000edf80000)
 ParOldGen       total 659456K, used 529386K [0x00000000c3a00000, 0x00000000ebe00000, 0x00000000ebe00000)
  object space 659456K, 80% used [0x00000000c3a00000,0x00000000e3efa810,0x00000000ebe00000)
 Metaspace       used 3282K, capacity 4564K, committed 4864K, reserved 1056768K
  class space    used 360K, capacity 388K, committed 512K, reserved 1048576K
Event: 3.178 GC heap after
Heap after GC invocations=3 (full 0):
 PSYoungGen      total 34304K, used 480K [0x00000000ebe00000, 0x00000000f0100000, 0x0000000100000000)
  eden space 31744K, 0% used [0x00000000ebe00000,0x00000000ebe00000,0x00000000edd00000)
  from space 2560K, 18% used [0x00000000edd00000,0x00000000edd78020,0x00000000edf80000)
  to   space 2560K, 0% used [0x00000000efe80000,0x00000000efe80000,0x00000000f0100000)
 ParOldGen       total 659456K, used 529386K [0x00000000c3a00000, 0x00000000ebe00000, 0x00000000ebe00000)
  object space 659456K, 80% used [0x00000000c3a00000,0x00000000e3efa810,0x00000000ebe00000)
 Metaspace       used 3282K, capacity 4564K, committed 4864K, reserved 1056768K
  class space    used 360K, capacity 388K, committed 512K, reserved 1048576K
}
Event: 3.178 GC heap before
{Heap before GC invocations=4 (full 1):
 PSYoungGen      total 34304K, used 480K [0x00000000ebe00000, 0x00000000f0100000, 0x0000000100000000)
  eden space 31744K, 0% used [0x00000000ebe00000,0x00000000ebe00000,0x00000000edd00000)
  from space 2560K, 18% used [0x00000000edd00000,0x00000000edd78020,0x00000000edf80000)
  to   space 2560K, 0% used [0x00000000efe80000,0x00000000efe80000,0x00000000f0100000)
 ParOldGen       total 659456K, used 529386K [0x00000000c3a00000, 0x00000000ebe00000, 0x00000000ebe00000)
  object space 659456K, 80% used [0x00000000c3a00000,0x00000000e3efa810,0x00000000ebe00000)
 Metaspace       used 3282K, capacity 4564K, committed 4864K, reserved 1056768K
  class space    used 360K, capacity 388K, committed 512K, reserved 1048576K
Event: 5.377 GC heap after
Heap after GC invocations=4 (full 1):
 PSYoungGen      total 34304K, used 0K [0x00000000ebe00000, 0x00000000f0100000, 0x0000000100000000)
  eden space 31744K, 0% used [0x00000000ebe00000,0x00000000ebe00000,0x00000000edd00000)
  from space 2560K, 0% used [0x00000000edd00000,0x00000000edd00000,0x00000000edf80000)
  to   space 2560K, 0% used [0x00000000efe80000,0x00000000efe80000,0x00000000f0100000)
 ParOldGen       total 237056K, used 182988K [0x00000000c3a00000, 0x00000000d2180000, 0x00000000ebe00000)
  object space 237056K, 77% used [0x00000000c3a00000,0x00000000cecb30e8,0x00000000d2180000)
 Metaspace       used 3282K, capacity 4564K, committed 4864K, reserved 1056768K
  class space    used 360K, capacity 388K, committed 512K, reserved 1048576K
}
Event: 5.954 GC heap before
{Heap before GC invocations=5 (full 1):
 PSYoungGen      total 34304K, used 634K [0x00000000ebe00000, 0x00000000f0100000, 0x0000000100000000)
  eden space 31744K, 2% used [0x00000000ebe00000,0x00000000ebe9eb98,0x00000000edd00000)
  from space 2560K, 0% used [0x00000000edd00000,0x00000000edd00000,0x00000000edf80000)
  to   space 2560K, 0% used [0x00000000efe80000,0x00000000efe80000,0x00000000f0100000)
 ParOldGen       total 659456K, used 456781K [0x00000000c3a00000, 0x00000000ebe00000, 0x00000000ebe00000)
  object space 659456K, 69% used [0x00000000c3a00000,0x00000000df8135f0,0x00000000ebe00000)
 Metaspace       used 3282K, capacity 4564K, committed 4864K, reserved 1056768K
  class space    used 360K, capacity 388K, committed 512K, reserved 1048576K
Event: 6.028 GC heap after
Heap after GC invocations=5 (full 1):
 PSYoungGen      total 47104K, used 0K [0x00000000ebe00000, 0x00000000eff00000, 0x0000000100000000)
  eden space 46592K, 0% used [0x00000000ebe00000,0x00000000ebe00000,0x00000000eeb80000)
  from space 512K, 0% used [0x00000000efe80000,0x00000000efe80000,0x00000000eff00000)
  to   space 2560K, 0% used [0x00000000efa00000,0x00000000efa00000,0x00000000efc80000)
 ParOldGen       total 659456K, used 456781K [0x00000000c3a00000, 0x00000000ebe00000, 0x00000000ebe00000)
  object space 659456K, 69% used [0x00000000c3a00000,0x00000000df8135f0,0x00000000ebe00000)
 Metaspace       used 3282K, capacity 4564K, committed 4864K, reserved 1056768K
  class space    used 360K, capacity 388K, committed 512K, reserved 1048576K
}
Event: 6.028 GC heap before
{Heap before GC invocations=6 (full 1):
 PSYoungGen      total 47104K, used 0K [0x00000000ebe00000, 0x00000000eff00000, 0x0000000100000000)
  eden space 46592K, 0% used [0x00000000ebe00000,0x00000000ebe00000,0x00000000eeb80000)
  from space 512K, 0% used [0x00000000efe80000,0x00000000efe80000,0x00000000eff00000)
  to   space 2560K, 0% used [0x00000000efa00000,0x00000000efa00000,0x00000000efc80000)
 ParOldGen       total 659456K, used 456781K [0x00000000c3a00000, 0x00000000ebe00000, 0x00000000ebe00000)
  object space 659456K, 69% used [0x00000000c3a00000,0x00000000df8135f0,0x00000000ebe00000)
 Metaspace       used 3282K, capacity 4564K, committed 4864K, reserved 1056768K
  class space    used 360K, capacity 388K, committed 512K, reserved 1048576K
Event: 6.108 GC heap after
Heap after GC invocations=6 (full 1):
 PSYoungGen      total 64000K, used 0K [0x00000000ebe00000, 0x00000000f0700000, 0x0000000100000000)
  eden space 61440K, 0% used [0x00000000ebe00000,0x00000000ebe00000,0x00000000efa00000)
  from space 2560K, 0% used [0x00000000efa00000,0x00000000efa00000,0x00000000efc80000)
  to   space 1024K, 0% used [0x00000000f0600000,0x00000000f0600000,0x00000000f0700000)
 ParOldGen       total 659456K, used 456781K [0x00000000c3a00000, 0x00000000ebe00000, 0x00000000ebe00000)
  object space 659456K, 69% used [0x00000000c3a00000,0x00000000df8135f0,0x00000000ebe00000)
 Metaspace       used 3282K, capacity 4564K, committed 4864K, reserved 1056768K
  class space    used 360K, capacity 388K, committed 512K, reserved 1048576K
}
Event: 6.108 GC heap before
{Heap before GC invocations=7 (full 2):
 PSYoungGen      total 64000K, used 0K [0x00000000ebe00000, 0x00000000f0700000, 0x0000000100000000)
  eden space 61440K, 0% used [0x00000000ebe00000,0x00000000ebe00000,0x00000000efa00000)
  from space 2560K, 0% used [0x00000000efa00000,0x00000000efa00000,0x00000000efc80000)
  to   space 1024K, 0% used [0x00000000f0600000,0x00000000f0600000,0x00000000f0700000)
 ParOldGen       total 659456K, used 456781K [0x00000000c3a00000, 0x00000000ebe00000, 0x00000000ebe00000)
  object space 659456K, 69% used [0x00000000c3a00000,0x00000000df8135f0,0x00000000ebe00000)
 Metaspace       used 3282K, capacity 4564K, committed 4864K, reserved 1056768K
  class space    used 360K, capacity 388K, committed 512K, reserved 1048576K
Event: 11.645 GC heap after
Heap after GC invocations=7 (full 2):
 PSYoungGen      total 64000K, used 0K [0x00000000ebe00000, 0x00000000f0700000, 0x0000000100000000)
  eden space 61440K, 0% used [0x00000000ebe00000,0x00000000ebe00000,0x00000000efa00000)
  from space 2560K, 0% used [0x00000000efa00000,0x00000000efa00000,0x00000000efc80000)
  to   space 1024K, 0% used [0x00000000f0600000,0x00000000f0600000,0x00000000f0700000)
 ParOldGen       total 355840K, used 274252K [0x00000000c3a00000, 0x00000000d9580000, 0x00000000ebe00000)
  object space 355840K, 77% used [0x00000000c3a00000,0x00000000d45d31c0,0x00000000d9580000)
 Metaspace       used 3282K, capacity 4564K, committed 4864K, reserved 1056768K
  class space    used 360K, capacity 388K, committed 512K, reserved 1048576K
}

Deoptimization events (0 events):
No events

Classes redefined (0 events):
No events

Internal exceptions (2 events):
Event: 0.047 Thread 0x00007f8f1000c000 Exception <a 'java/lang/NoSuchMethodError': Method sun.misc.Unsafe.defineClass(Ljava/lang/String;[BII)Ljava/lang/Class; name or signature does not match> (0x00000000ebe07ca0) thrown at [/HUDSON/workspace/8-2-build-linux-amd64/jdk8u161/10277/hotspot/src/sh
Event: 0.047 Thread 0x00007f8f1000c000 Exception <a 'java/lang/NoSuchMethodError': Method sun.misc.Unsafe.prefetchRead(Ljava/lang/Object;J)V name or signature does not match> (0x00000000ebe07f88) thrown at [/HUDSON/workspace/8-2-build-linux-amd64/jdk8u161/10277/hotspot/src/share/vm/prims/jni.c

Events (10 events):
Event: 0.260 loading class java/net/SocketInputStream done
Event: 0.261 loading class sun/nio/cs/US_ASCII$Decoder
Event: 0.261 loading class sun/nio/cs/US_ASCII$Decoder done
Event: 0.270 Thread 0x00007f8f1000c000 DEOPT PACKING pc=0x00007f8f0111e239 sp=0x00007f8f19cb4850
Event: 0.270 Thread 0x00007f8f1000c000 DEOPT UNPACKING pc=0x00007f8f01047784 sp=0x00007f8f19cb4620 mode 0
Event: 0.290 Executing VM operation: ParallelGCFailedAllocation
Event: 0.299 Executing VM operation: ParallelGCFailedAllocation done
Event: 1.723 Executing VM operation: ParallelGCFailedAllocation
Event: 5.378 Executing VM operation: ParallelGCFailedAllocation done
Event: 5.954 Executing VM operation: ParallelGCFailedAllocation


Dynamic libraries:
00400000-00401000 r-xp 00000000 08:04 3802962                            /usr/lib/jvm/java-8-oracle/bin/java
00600000-00601000 rw-p 00000000 08:04 3802962                            /usr/lib/jvm/java-8-oracle/bin/java
01152000-01173000 rw-p 00000000 00:00 0                                  [heap]
c3a00000-d9580000 rw-p 00000000 00:00 0 
ebe00000-f0700000 rw-p 00000000 00:00 0 
f0700000-100000000 ---p 00000000 00:00 0 
100000000-100080000 rw-p 00000000 00:00 0 
100080000-140000000 ---p 00000000 00:00 0 
7f8ebc000000-7f8ebc021000 rw-p 00000000 00:00 0 
7f8ebc021000-7f8ec0000000 ---p 00000000 00:00 0 
7f8ec4000000-7f8ec4027000 rw-p 00000000 00:00 0 
7f8ec4027000-7f8ec8000000 ---p 00000000 00:00 0 
7f8ec8000000-7f8ec8021000 rw-p 00000000 00:00 0 
7f8ec8021000-7f8ecc000000 ---p 00000000 00:00 0 
7f8ecc000000-7f8ecc076000 rw-p 00000000 00:00 0 
7f8ecc076000-7f8ed0000000 ---p 00000000 00:00 0 
7f8ed0000000-7f8ed0067000 rw-p 00000000 00:00 0 
7f8ed0067000-7f8ed4000000 ---p 00000000 00:00 0 
7f8ed4000000-7f8ed4021000 rw-p 00000000 00:00 0 
7f8ed4021000-7f8ed8000000 ---p 00000000 00:00 0 
7f8ed8000000-7f8ed8023000 rw-p 00000000 00:00 0 
7f8ed8023000-7f8edc000000 ---p 00000000 00:00 0 
7f8edc000000-7f8edc021000 rw-p 00000000 00:00 0 
7f8edc021000-7f8ee0000000 ---p 00000000 00:00 0 
7f8ee0000000-7f8ee0021000 rw-p 00000000 00:00 0 
7f8ee0021000-7f8ee4000000 ---p 00000000 00:00 0 
7f8ee4000000-7f8ee4571000 rw-p 00000000 00:00 0 
7f8ee4571000-7f8ee8000000 ---p 00000000 00:00 0 
7f8ee8000000-7f8ee8021000 rw-p 00000000 00:00 0 
7f8ee8021000-7f8eec000000 ---p 00000000 00:00 0 
7f8eec000000-7f8eec53b000 rw-p 00000000 00:00 0 
7f8eec53b000-7f8ef0000000 ---p 00000000 00:00 0 
7f8ef0fff000-7f8ef4000000 rw-p 00000000 00:00 0 
7f8ef4000000-7f8ef4537000 rw-p 00000000 00:00 0 
7f8ef4537000-7f8ef8000000 ---p 00000000 00:00 0 
7f8efa475000-7f8efa6fd000 rw-p 00000000 00:00 0 
7f8efa6fd000-7f8efa6fe000 ---p 00000000 00:00 0 
7f8efa6fe000-7f8efa7fe000 rw-p 00000000 00:00 0 
7f8efa7fe000-7f8efa801000 ---p 00000000 00:00 0 
7f8efa801000-7f8efa8ff000 rw-p 00000000 00:00 0 
7f8efa8ff000-7f8efa902000 ---p 00000000 00:00 0 
7f8efa902000-7f8efaa00000 rw-p 00000000 00:00 0 
7f8efaa00000-7f8efaa03000 ---p 00000000 00:00 0 
7f8efaa03000-7f8efab01000 rw-p 00000000 00:00 0 
7f8efab01000-7f8efab17000 r-xp 00000000 08:04 3851192                    /usr/lib/jvm/java-8-oracle/jre/lib/amd64/libnet.so
7f8efab17000-7f8efad17000 ---p 00016000 08:04 3851192                    /usr/lib/jvm/java-8-oracle/jre/lib/amd64/libnet.so
7f8efad17000-7f8efad18000 rw-p 00016000 08:04 3851192                    /usr/lib/jvm/java-8-oracle/jre/lib/amd64/libnet.so
7f8efad18000-7f8efad1b000 ---p 00000000 00:00 0 
7f8efad1b000-7f8efae19000 rw-p 00000000 00:00 0 
7f8efae19000-7f8efae1c000 ---p 00000000 00:00 0 
7f8efae1c000-7f8efaf1a000 rw-p 00000000 00:00 0 
7f8efaf1a000-7f8efaf1d000 ---p 00000000 00:00 0 
7f8efaf1d000-7f8efb01b000 rw-p 00000000 00:00 0 
7f8efb01b000-7f8efb2f3000 r--p 00000000 08:04 3802900                    /usr/lib/locale/locale-archive
7f8efb2f3000-7f8efb2f6000 ---p 00000000 00:00 0 
7f8efb2f6000-7f8efb3f4000 rw-p 00000000 00:00 0 
7f8efb3f4000-7f8efb3f7000 ---p 00000000 00:00 0 
7f8efb3f7000-7f8efb4f5000 rw-p 00000000 00:00 0 
7f8efb4f5000-7f8efb4f6000 ---p 00000000 00:00 0 
7f8efb4f6000-7f8efc000000 rw-p 00000000 00:00 0 
7f8efc000000-7f8efc483000 rw-p 00000000 00:00 0 
7f8efc483000-7f8f00000000 ---p 00000000 00:00 0 
7f8f00003000-7f8f00016000 r--s 00345000 08:04 3851100                    /usr/lib/jvm/java-8-oracle/jre/lib/resources.jar
7f8f00016000-7f8f000ac000 r--s 0110a000 08:04 3851225                    /usr/lib/jvm/java-8-oracle/jre/lib/ext/jfxrt.jar
7f8f000ac000-7f8f005b1000 rw-p 00000000 00:00 0 
7f8f005b1000-7f8f0078a000 r--s 03d64000 08:04 3851096                    /usr/lib/jvm/java-8-oracle/jre/lib/rt.jar
7f8f0078a000-7f8f00c40000 rw-p 00000000 00:00 0 
7f8f00c40000-7f8f01000000 ---p 00000000 00:00 0 
7f8f01000000-7f8f01270000 rwxp 00000000 00:00 0 
7f8f01270000-7f8f10000000 ---p 00000000 00:00 0 
7f8f10000000-7f8f10235000 rw-p 00000000 00:00 0 
7f8f10235000-7f8f14000000 ---p 00000000 00:00 0 
7f8f1400a000-7f8f1400c000 r--s 0001a000 08:04 538479                     /home/avidh/Downloads/idea-IC-181.4203.550/lib/idea_rt.jar
7f8f1400c000-7f8f1401f000 r--s 000d6000 08:04 3851068                    /usr/lib/jvm/java-8-oracle/jre/lib/plugin.jar
7f8f1401f000-7f8f14020000 r--s 00000000 08:04 3851052                    /usr/lib/jvm/java-8-oracle/jre/lib/management-agent.jar
7f8f14020000-7f8f14025000 r--s 0009d000 08:04 3851101                    /usr/lib/jvm/java-8-oracle/jre/lib/jsse.jar
7f8f14025000-7f8f14027000 r--s 00007000 08:04 3851109                    /usr/lib/jvm/java-8-oracle/jre/lib/jfxswt.jar
7f8f14027000-7f8f1603a000 rw-p 00000000 00:00 0 
7f8f1603a000-7f8f1603b000 ---p 00000000 00:00 0 
7f8f1603b000-7f8f1613b000 rw-p 00000000 00:00 0 
7f8f1613b000-7f8f1613c000 ---p 00000000 00:00 0 
7f8f1613c000-7f8f1623c000 rw-p 00000000 00:00 0 
7f8f1623c000-7f8f1623d000 ---p 00000000 00:00 0 
7f8f1623d000-7f8f1633d000 rw-p 00000000 00:00 0 
7f8f1633d000-7f8f1633e000 ---p 00000000 00:00 0 
7f8f1633e000-7f8f164ec000 rw-p 00000000 00:00 0 
7f8f164ec000-7f8f16580000 ---p 00000000 00:00 0 
7f8f16580000-7f8f1662e000 rw-p 00000000 00:00 0 
7f8f1662e000-7f8f166c2000 ---p 00000000 00:00 0 
7f8f166c2000-7f8f166e7000 rw-p 00000000 00:00 0 
7f8f166e7000-7f8f16763000 ---p 00000000 00:00 0 
7f8f16763000-7f8f1676e000 rw-p 00000000 00:00 0 
7f8f1676e000-7f8f16b24000 ---p 00000000 00:00 0 
7f8f16b24000-7f8f16b3f000 r-xp 00000000 08:04 3851188                    /usr/lib/jvm/java-8-oracle/jre/lib/amd64/libzip.so
7f8f16b3f000-7f8f16d3f000 ---p 0001b000 08:04 3851188                    /usr/lib/jvm/java-8-oracle/jre/lib/amd64/libzip.so
7f8f16d3f000-7f8f16d40000 rw-p 0001b000 08:04 3851188                    /usr/lib/jvm/java-8-oracle/jre/lib/amd64/libzip.so
7f8f16d40000-7f8f16d4b000 r-xp 00000000 08:04 1705556                    /lib/x86_64-linux-gnu/libnss_files-2.23.so
7f8f16d4b000-7f8f16f4a000 ---p 0000b000 08:04 1705556                    /lib/x86_64-linux-gnu/libnss_files-2.23.so
7f8f16f4a000-7f8f16f4b000 r--p 0000a000 08:04 1705556                    /lib/x86_64-linux-gnu/libnss_files-2.23.so
7f8f16f4b000-7f8f16f4c000 rw-p 0000b000 08:04 1705556                    /lib/x86_64-linux-gnu/libnss_files-2.23.so
7f8f16f4c000-7f8f16f52000 rw-p 00000000 00:00 0 
7f8f16f52000-7f8f16f5d000 r-xp 00000000 08:04 1705560                    /lib/x86_64-linux-gnu/libnss_nis-2.23.so
7f8f16f5d000-7f8f1715c000 ---p 0000b000 08:04 1705560                    /lib/x86_64-linux-gnu/libnss_nis-2.23.so
7f8f1715c000-7f8f1715d000 r--p 0000a000 08:04 1705560                    /lib/x86_64-linux-gnu/libnss_nis-2.23.so
7f8f1715d000-7f8f1715e000 rw-p 0000b000 08:04 1705560                    /lib/x86_64-linux-gnu/libnss_nis-2.23.so
7f8f1715e000-7f8f17174000 r-xp 00000000 08:04 1705540                    /lib/x86_64-linux-gnu/libnsl-2.23.so
7f8f17174000-7f8f17373000 ---p 00016000 08:04 1705540                    /lib/x86_64-linux-gnu/libnsl-2.23.so
7f8f17373000-7f8f17374000 r--p 00015000 08:04 1705540                    /lib/x86_64-linux-gnu/libnsl-2.23.so
7f8f17374000-7f8f17375000 rw-p 00016000 08:04 1705540                    /lib/x86_64-linux-gnu/libnsl-2.23.so
7f8f17375000-7f8f17377000 rw-p 00000000 00:00 0 
7f8f17377000-7f8f1737f000 r-xp 00000000 08:04 1705551                    /lib/x86_64-linux-gnu/libnss_compat-2.23.so
7f8f1737f000-7f8f1757e000 ---p 00008000 08:04 1705551                    /lib/x86_64-linux-gnu/libnss_compat-2.23.so
7f8f1757e000-7f8f1757f000 r--p 00007000 08:04 1705551                    /lib/x86_64-linux-gnu/libnss_compat-2.23.so
7f8f1757f000-7f8f17580000 rw-p 00008000 08:04 1705551                    /lib/x86_64-linux-gnu/libnss_compat-2.23.so
7f8f17580000-7f8f1758a000 r-xp 00000000 08:04 3851197                    /usr/lib/jvm/java-8-oracle/jre/lib/amd64/libinstrument.so
7f8f1758a000-7f8f17789000 ---p 0000a000 08:04 3851197                    /usr/lib/jvm/java-8-oracle/jre/lib/amd64/libinstrument.so
7f8f17789000-7f8f1778a000 rw-p 00009000 08:04 3851197                    /usr/lib/jvm/java-8-oracle/jre/lib/amd64/libinstrument.so
7f8f1778a000-7f8f177b5000 r-xp 00000000 08:04 3851182                    /usr/lib/jvm/java-8-oracle/jre/lib/amd64/libjava.so
7f8f177b5000-7f8f179b4000 ---p 0002b000 08:04 3851182                    /usr/lib/jvm/java-8-oracle/jre/lib/amd64/libjava.so
7f8f179b4000-7f8f179b6000 rw-p 0002a000 08:04 3851182                    /usr/lib/jvm/java-8-oracle/jre/lib/amd64/libjava.so
7f8f179b6000-7f8f179c3000 r-xp 00000000 08:04 3851187                    /usr/lib/jvm/java-8-oracle/jre/lib/amd64/libverify.so
7f8f179c3000-7f8f17bc3000 ---p 0000d000 08:04 3851187                    /usr/lib/jvm/java-8-oracle/jre/lib/amd64/libverify.so
7f8f17bc3000-7f8f17bc5000 rw-p 0000d000 08:04 3851187                    /usr/lib/jvm/java-8-oracle/jre/lib/amd64/libverify.so
7f8f17bc5000-7f8f17bcc000 r-xp 00000000 08:04 1705561                    /lib/x86_64-linux-gnu/librt-2.23.so
7f8f17bcc000-7f8f17dcb000 ---p 00007000 08:04 1705561                    /lib/x86_64-linux-gnu/librt-2.23.so
7f8f17dcb000-7f8f17dcc000 r--p 00006000 08:04 1705561                    /lib/x86_64-linux-gnu/librt-2.23.so
7f8f17dcc000-7f8f17dcd000 rw-p 00007000 08:04 1705561                    /lib/x86_64-linux-gnu/librt-2.23.so
7f8f17dcd000-7f8f17ed5000 r-xp 00000000 08:04 1703941                    /lib/x86_64-linux-gnu/libm-2.23.so
7f8f17ed5000-7f8f180d4000 ---p 00108000 08:04 1703941                    /lib/x86_64-linux-gnu/libm-2.23.so
7f8f180d4000-7f8f180d5000 r--p 00107000 08:04 1703941                    /lib/x86_64-linux-gnu/libm-2.23.so
7f8f180d5000-7f8f180d6000 rw-p 00108000 08:04 1703941                    /lib/x86_64-linux-gnu/libm-2.23.so
7f8f180d6000-7f8f18daf000 r-xp 00000000 08:04 3851208                    /usr/lib/jvm/java-8-oracle/jre/lib/amd64/server/libjvm.so
7f8f18daf000-7f8f18fae000 ---p 00cd9000 08:04 3851208                    /usr/lib/jvm/java-8-oracle/jre/lib/amd64/server/libjvm.so
7f8f18fae000-7f8f19087000 rw-p 00cd8000 08:04 3851208                    /usr/lib/jvm/java-8-oracle/jre/lib/amd64/server/libjvm.so
7f8f19087000-7f8f190d3000 rw-p 00000000 00:00 0 
7f8f190d3000-7f8f19293000 r-xp 00000000 08:04 1705543                    /lib/x86_64-linux-gnu/libc-2.23.so
7f8f19293000-7f8f19493000 ---p 001c0000 08:04 1705543                    /lib/x86_64-linux-gnu/libc-2.23.so
7f8f19493000-7f8f19497000 r--p 001c0000 08:04 1705543                    /lib/x86_64-linux-gnu/libc-2.23.so
7f8f19497000-7f8f19499000 rw-p 001c4000 08:04 1705543                    /lib/x86_64-linux-gnu/libc-2.23.so
7f8f19499000-7f8f1949d000 rw-p 00000000 00:00 0 
7f8f1949d000-7f8f194a0000 r-xp 00000000 08:04 1705545                    /lib/x86_64-linux-gnu/libdl-2.23.so
7f8f194a0000-7f8f1969f000 ---p 00003000 08:04 1705545                    /lib/x86_64-linux-gnu/libdl-2.23.so
7f8f1969f000-7f8f196a0000 r--p 00002000 08:04 1705545                    /lib/x86_64-linux-gnu/libdl-2.23.so
7f8f196a0000-7f8f196a1000 rw-p 00003000 08:04 1705545                    /lib/x86_64-linux-gnu/libdl-2.23.so
7f8f196a1000-7f8f196b7000 r-xp 00000000 08:04 3850966                    /usr/lib/jvm/java-8-oracle/lib/amd64/jli/libjli.so
7f8f196b7000-7f8f198b6000 ---p 00016000 08:04 3850966                    /usr/lib/jvm/java-8-oracle/lib/amd64/jli/libjli.so
7f8f198b6000-7f8f198b7000 rw-p 00015000 08:04 3850966                    /usr/lib/jvm/java-8-oracle/lib/amd64/jli/libjli.so
7f8f198b7000-7f8f198cf000 r-xp 00000000 08:04 1705542                    /lib/x86_64-linux-gnu/libpthread-2.23.so
7f8f198cf000-7f8f19ace000 ---p 00018000 08:04 1705542                    /lib/x86_64-linux-gnu/libpthread-2.23.so
7f8f19ace000-7f8f19acf000 r--p 00017000 08:04 1705542                    /lib/x86_64-linux-gnu/libpthread-2.23.so
7f8f19acf000-7f8f19ad0000 rw-p 00018000 08:04 1705542                    /lib/x86_64-linux-gnu/libpthread-2.23.so
7f8f19ad0000-7f8f19ad4000 rw-p 00000000 00:00 0 
7f8f19ad4000-7f8f19afa000 r-xp 00000000 08:04 1705541                    /lib/x86_64-linux-gnu/ld-2.23.so
7f8f19afa000-7f8f19aff000 r--s 00084000 08:04 3851045                    /usr/lib/jvm/java-8-oracle/jre/lib/jfr.jar
7f8f19aff000-7f8f19b02000 r--s 0001a000 08:04 3851107                    /usr/lib/jvm/java-8-oracle/jre/lib/jce.jar
7f8f19b02000-7f8f19b0b000 r--s 0006d000 08:04 3851055                    /usr/lib/jvm/java-8-oracle/jre/lib/javaws.jar
7f8f19b0b000-7f8f19bb5000 rw-p 00000000 00:00 0 
7f8f19bb5000-7f8f19bb8000 ---p 00000000 00:00 0 
7f8f19bb8000-7f8f19cbb000 rw-p 00000000 00:00 0 
7f8f19cbb000-7f8f19cd7000 r--s 0020b000 08:04 3851046                    /usr/lib/jvm/java-8-oracle/jre/lib/deploy.jar
7f8f19cd7000-7f8f19cdc000 r--s 002f9000 08:04 3851094                    /usr/lib/jvm/java-8-oracle/jre/lib/charsets.jar
7f8f19cdc000-7f8f19cef000 rw-p 00000000 00:00 0 
7f8f19cef000-7f8f19cf7000 rw-s 00000000 08:04 2371695                    /tmp/hsperfdata_avidh/22356
7f8f19cf7000-7f8f19cf8000 rw-p 00000000 00:00 0 
7f8f19cf8000-7f8f19cf9000 ---p 00000000 00:00 0 
7f8f19cf9000-7f8f19cfa000 r--p 00025000 08:04 1705541                    /lib/x86_64-linux-gnu/ld-2.23.so
7f8f19cfa000-7f8f19cfb000 rw-p 00026000 08:04 1705541                    /lib/x86_64-linux-gnu/ld-2.23.so
7f8f19cfb000-7f8f19cfc000 rw-p 00000000 00:00 0 
7ffce5aa1000-7ffce5ac2000 rw-p 00000000 00:00 0                          [stack]
7ffce5bc6000-7ffce5bc9000 r--p 00000000 00:00 0                          [vvar]
7ffce5bc9000-7ffce5bcb000 r-xp 00000000 00:00 0                          [vdso]
ffffffffff600000-ffffffffff601000 r-xp 00000000 00:00 0                  [vsyscall]

VM Arguments:
jvm_args: -javaagent:/home/avidh/Downloads/idea-IC-181.4203.550/lib/idea_rt.jar=45993:/home/avidh/Downloads/idea-IC-181.4203.550/bin -Dfile.encoding=UTF-8 
java_command: Main
java_class_path (initial): /usr/lib/jvm/java-8-oracle/jre/lib/charsets.jar:/usr/lib/jvm/java-8-oracle/jre/lib/deploy.jar:/usr/lib/jvm/java-8-oracle/jre/lib/ext/cldrdata.jar:/usr/lib/jvm/java-8-oracle/jre/lib/ext/dnsns.jar:/usr/lib/jvm/java-8-oracle/jre/lib/ext/jaccess.jar:/usr/lib/jvm/java-8-oracle/jre/lib/ext/jfxrt.jar:/usr/lib/jvm/java-8-oracle/jre/lib/ext/localedata.jar:/usr/lib/jvm/java-8-oracle/jre/lib/ext/nashorn.jar:/usr/lib/jvm/java-8-oracle/jre/lib/ext/sunec.jar:/usr/lib/jvm/java-8-oracle/jre/lib/ext/sunjce_provider.jar:/usr/lib/jvm/java-8-oracle/jre/lib/ext/sunpkcs11.jar:/usr/lib/jvm/java-8-oracle/jre/lib/ext/zipfs.jar:/usr/lib/jvm/java-8-oracle/jre/lib/javaws.jar:/usr/lib/jvm/java-8-oracle/jre/lib/jce.jar:/usr/lib/jvm/java-8-oracle/jre/lib/jfr.jar:/usr/lib/jvm/java-8-oracle/jre/lib/jfxswt.jar:/usr/lib/jvm/java-8-oracle/jre/lib/jsse.jar:/usr/lib/jvm/java-8-oracle/jre/lib/management-agent.jar:/usr/lib/jvm/java-8-oracle/jre/lib/plugin.jar:/usr/lib/jvm/java-8-oracle/jre/lib/resources.jar:/usr/lib/jvm/java-8-oracle/jre/lib/rt.jar:/home/avidh/IdeaProjects/GeneticAlgorithms/GuessNumber/out/production/GuessNumber:/home/avidh/Downloads/idea-IC-181.4203.550/lib/idea_rt.jar
Launcher Type: SUN_STANDARD

Environment Variables:
JAVA_HOME=/usr/lib/jvm/java-8-oracle
PATH=/home/avidh/bin:/home/avidh/.local/bin:/usr/local/sbin:/usr/local/bin:/usr/sbin:/usr/bin:/sbin:/bin:/usr/games:/usr/local/games:/snap/bin:/usr/lib/jvm/java-8-oracle/bin:/usr/lib/jvm/java-8-oracle/db/bin:/usr/lib/jvm/java-8-oracle/jre/bin:/home/avidh/opt/gradle/bin
SHELL=/bin/bash
DISPLAY=:0

Signal Handlers:
SIGSEGV: [libjvm.so+0xad01e0], sa_mask[0]=11111111011111111101111111111110, sa_flags=SA_RESTART|SA_SIGINFO
SIGBUS: [libjvm.so+0xad01e0], sa_mask[0]=11111111011111111101111111111110, sa_flags=SA_RESTART|SA_SIGINFO
SIGFPE: [libjvm.so+0x927fb0], sa_mask[0]=11111111011111111101111111111110, sa_flags=SA_RESTART|SA_SIGINFO
SIGPIPE: [libjvm.so+0x927fb0], sa_mask[0]=11111111011111111101111111111110, sa_flags=SA_RESTART|SA_SIGINFO
SIGXFSZ: [libjvm.so+0x927fb0], sa_mask[0]=11111111011111111101111111111110, sa_flags=SA_RESTART|SA_SIGINFO
SIGILL: [libjvm.so+0x927fb0], sa_mask[0]=11111111011111111101111111111110, sa_flags=SA_RESTART|SA_SIGINFO
SIGUSR1: SIG_DFL, sa_mask[0]=00000000000000000000000000000000, sa_flags=none
SIGUSR2: [libjvm.so+0x9297f0], sa_mask[0]=00100000000000000000000000000000, sa_flags=SA_RESTART|SA_SIGINFO
SIGHUP: [libjvm.so+0x92abf0], sa_mask[0]=11111111011111111101111111111110, sa_flags=SA_RESTART|SA_SIGINFO
SIGINT: [libjvm.so+0x92abf0], sa_mask[0]=11111111011111111101111111111110, sa_flags=SA_RESTART|SA_SIGINFO
SIGTERM: [libjvm.so+0x92abf0], sa_mask[0]=11111111011111111101111111111110, sa_flags=SA_RESTART|SA_SIGINFO
SIGQUIT: [libjvm.so+0x92abf0], sa_mask[0]=11111111011111111101111111111110, sa_flags=SA_RESTART|SA_SIGINFO


---------------  S Y S T E M  ---------------

OS:DISTRIB_ID=Ubuntu
DISTRIB_RELEASE=16.04
DISTRIB_CODENAME=xenial
DISTRIB_DESCRIPTION="Ubuntu 16.04.4 LTS"

uname:Linux 4.13.0-43-generic #48~16.04.1-Ubuntu SMP Thu May 17 12:56:46 UTC 2018 x86_64
libc:glibc 2.23 NPTL 2.23 
rlimit: STACK 8192k, CORE 0k, NPROC 15027, NOFILE 1048576, AS infinity
load average:2.06 1.42 1.24

/proc/meminfo:
MemTotal:        3950388 kB
MemFree:          221088 kB
MemAvailable:     195984 kB
Buffers:           13924 kB
Cached:           593572 kB
SwapCached:            0 kB
Active:          2962488 kB
Inactive:         532456 kB
Active(anon):    2897372 kB
Inactive(anon):   451912 kB
Active(file):      65116 kB
Inactive(file):    80544 kB
Unevictable:         304 kB
Mlocked:             304 kB
SwapTotal:             0 kB
SwapFree:              0 kB
Dirty:               640 kB
Writeback:             0 kB
AnonPages:       2887760 kB
Mapped:           272464 kB
Shmem:            463764 kB
Slab:             120376 kB
SReclaimable:      50372 kB
SUnreclaim:        70004 kB
KernelStack:       11792 kB
PageTables:        49216 kB
NFS_Unstable:          0 kB
Bounce:                0 kB
WritebackTmp:          0 kB
CommitLimit:     1975192 kB
Committed_AS:    8687196 kB
VmallocTotal:   34359738367 kB
VmallocUsed:           0 kB
VmallocChunk:          0 kB
HardwareCorrupted:     0 kB
AnonHugePages:         0 kB
ShmemHugePages:        0 kB
ShmemPmdMapped:        0 kB
CmaTotal:              0 kB
CmaFree:               0 kB
HugePages_Total:       0
HugePages_Free:        0
HugePages_Rsvd:        0
HugePages_Surp:        0
Hugepagesize:       2048 kB
DirectMap4k:      203772 kB
DirectMap2M:     3901440 kB


CPU:total 4 (initial active 4) (2 cores per cpu, 2 threads per core) family 6 model 42 stepping 7, cmov, cx8, fxsr, mmx, sse, sse2, sse3, ssse3, sse4.1, sse4.2, popcnt, avx, aes, clmul, ht, tsc, tscinvbit

/proc/cpuinfo:
processor	: 0
vendor_id	: GenuineIntel
cpu family	: 6
model		: 42
model name	: Intel(R) Core(TM) i5-2415M CPU @ 2.30GHz
stepping	: 7
microcode	: 0x2d
cpu MHz		: 919.213
cache size	: 3072 KB
physical id	: 0
siblings	: 4
core id		: 0
cpu cores	: 2
apicid		: 0
initial apicid	: 0
fpu		: yes
fpu_exception	: yes
cpuid level	: 13
wp		: yes
flags		: fpu vme de pse tsc msr pae mce cx8 apic sep mtrr pge mca cmov pat pse36 clflush dts acpi mmx fxsr sse sse2 ss ht tm pbe syscall nx rdtscp lm constant_tsc arch_perfmon pebs bts rep_good nopl xtopology nonstop_tsc cpuid aperfmperf pni pclmulqdq dtes64 monitor ds_cpl vmx est tm2 ssse3 cx16 xtpr pdcm pcid sse4_1 sse4_2 x2apic popcnt tsc_deadline_timer aes xsave avx lahf_lm pti retpoline spec_ctrl tpr_shadow vnmi flexpriority ept vpid xsaveopt dtherm ida arat pln pts
bugs		: cpu_meltdown spectre_v1 spectre_v2 spec_store_bypass
bogomips	: 4589.99
clflush size	: 64
cache_alignment	: 64
address sizes	: 36 bits physical, 48 bits virtual
power management:

processor	: 1
vendor_id	: GenuineIntel
cpu family	: 6
model		: 42
model name	: Intel(R) Core(TM) i5-2415M CPU @ 2.30GHz
stepping	: 7
microcode	: 0x2d
cpu MHz		: 932.714
cache size	: 3072 KB
physical id	: 0
siblings	: 4
core id		: 1
cpu cores	: 2
apicid		: 2
initial apicid	: 2
fpu		: yes
fpu_exception	: yes
cpuid level	: 13
wp		: yes
flags		: fpu vme de pse tsc msr pae mce cx8 apic sep mtrr pge mca cmov pat pse36 clflush dts acpi mmx fxsr sse sse2 ss ht tm pbe syscall nx rdtscp lm constant_tsc arch_perfmon pebs bts rep_good nopl xtopology nonstop_tsc cpuid aperfmperf pni pclmulqdq dtes64 monitor ds_cpl vmx est tm2 ssse3 cx16 xtpr pdcm pcid sse4_1 sse4_2 x2apic popcnt tsc_deadline_timer aes xsave avx lahf_lm pti retpoline spec_ctrl tpr_shadow vnmi flexpriority ept vpid xsaveopt dtherm ida arat pln pts
bugs		: cpu_meltdown spectre_v1 spectre_v2 spec_store_bypass
bogomips	: 4589.99
clflush size	: 64
cache_alignment	: 64
address sizes	: 36 bits physical, 48 bits virtual
power management:

processor	: 2
vendor_id	: GenuineIntel
cpu family	: 6
model		: 42
model name	: Intel(R) Core(TM) i5-2415M CPU @ 2.30GHz
stepping	: 7
microcode	: 0x2d
cpu MHz		: 1211.334
cache size	: 3072 KB
physical id	: 0
siblings	: 4
core id		: 0
cpu cores	: 2
apicid		: 1
initial apicid	: 1
fpu		: yes
fpu_exception	: yes
cpuid level	: 13
wp		: yes
flags		: fpu vme de pse tsc msr pae mce cx8 apic sep mtrr pge mca cmov pat pse36 clflush dts acpi mmx fxsr sse sse2 ss ht tm pbe syscall nx rdtscp lm constant_tsc arch_perfmon pebs bts rep_good nopl xtopology nonstop_tsc cpuid aperfmperf pni pclmulqdq dtes64 monitor ds_cpl vmx est tm2 ssse3 cx16 xtpr pdcm pcid sse4_1 sse4_2 x2apic popcnt tsc_deadline_timer aes xsave avx lahf_lm pti retpoline spec_ctrl tpr_shadow vnmi flexpriority ept vpid xsaveopt dtherm ida arat pln pts
bugs		: cpu_meltdown spectre_v1 spectre_v2 spec_store_bypass
bogomips	: 4589.99
clflush size	: 64
cache_alignment	: 64
address sizes	: 36 bits physical, 48 bits virtual
power management:

processor	: 3
vendor_id	: GenuineIntel
cpu family	: 6
model		: 42
model name	: Intel(R) Core(TM) i5-2415M CPU @ 2.30GHz
stepping	: 7
microcode	: 0x2d
cpu MHz		: 949.798
cache size	: 3072 KB
physical id	: 0
siblings	: 4
core id		: 1
cpu cores	: 2
apicid		: 3
initial apicid	: 3
fpu		: yes
fpu_exception	: yes
cpuid level	: 13
wp		: yes
flags		: fpu vme de pse tsc msr pae mce cx8 apic sep mtrr pge mca cmov pat pse36 clflush dts acpi mmx fxsr sse sse2 ss ht tm pbe syscall nx rdtscp lm constant_tsc arch_perfmon pebs bts rep_good nopl xtopology nonstop_tsc cpuid aperfmperf pni pclmulqdq dtes64 monitor ds_cpl vmx est tm2 ssse3 cx16 xtpr pdcm pcid sse4_1 sse4_2 x2apic popcnt tsc_deadline_timer aes xsave avx lahf_lm pti retpoline spec_ctrl tpr_shadow vnmi flexpriority ept vpid xsaveopt dtherm ida arat pln pts
bugs		: cpu_meltdown spectre_v1 spectre_v2 spec_store_bypass
bogomips	: 4589.99
clflush size	: 64
cache_alignment	: 64
address sizes	: 36 bits physical, 48 bits virtual
power management:



Memory: 4k page, physical 3950388k(221056k free), swap 0k(0k free)

vm_info: Java HotSpot(TM) 64-Bit Server VM (25.161-b12) for linux-amd64 JRE (1.8.0_161-b12), built on Dec 19 2017 16:12:43 by "java_re" with gcc 4.3.0 20080428 (Red Hat 4.3.0-8)

time: Fri May 25 18:34:44 2018
elapsed time: 11 seconds (0d 0h 0m 11s)

